[2017-07-07 16:05:27,353] INFO [GroupCoordinator 0]: Preparing to restabilize group whosthere with old generation 1 (kafka.coordinator.GroupCoordinator)
[2017-07-07 16:05:27,368] INFO [GroupCoordinator 0]: Group whosthere generation 1 is dead and removed (kafka.coordinator.GroupCoordinator)
[2017-07-07 16:05:28,024] INFO [Kafka Server 0], shutting down (kafka.server.KafkaServer)
[2017-07-07 16:05:28,033] INFO [Kafka Server 0], Starting controlled shutdown (kafka.server.KafkaServer)
[2017-07-07 16:05:28,195] INFO [Kafka Server 0], Controlled shutdown succeeded (kafka.server.KafkaServer)
[2017-07-07 16:05:28,202] INFO [Socket Server on Broker 0], Shutting down (kafka.network.SocketServer)
[2017-07-07 16:05:28,216] INFO [Socket Server on Broker 0], Shutdown completed (kafka.network.SocketServer)
[2017-07-07 16:05:28,218] INFO [Kafka Request Handler on Broker 0], shutting down (kafka.server.KafkaRequestHandlerPool)
[2017-07-07 16:05:28,350] INFO [Kafka Request Handler on Broker 0], shut down completely (kafka.server.KafkaRequestHandlerPool)
[2017-07-07 16:05:28,363] INFO [ThrottledRequestReaper-Produce], Shutting down (kafka.server.ClientQuotaManager$ThrottledRequestReaper)
[2017-07-07 16:05:28,664] INFO [ThrottledRequestReaper-Produce], Stopped  (kafka.server.ClientQuotaManager$ThrottledRequestReaper)
[2017-07-07 16:05:28,665] INFO [ThrottledRequestReaper-Produce], Shutdown completed (kafka.server.ClientQuotaManager$ThrottledRequestReaper)
[2017-07-07 16:05:28,666] INFO [ThrottledRequestReaper-Fetch], Shutting down (kafka.server.ClientQuotaManager$ThrottledRequestReaper)
[2017-07-07 16:05:29,666] INFO [ThrottledRequestReaper-Fetch], Shutdown completed (kafka.server.ClientQuotaManager$ThrottledRequestReaper)
[2017-07-07 16:05:29,666] INFO [ThrottledRequestReaper-Fetch], Stopped  (kafka.server.ClientQuotaManager$ThrottledRequestReaper)
[2017-07-07 16:05:29,667] INFO [KafkaApi-0] Shutdown complete. (kafka.server.KafkaApis)
[2017-07-07 16:05:29,668] INFO [Replica Manager on Broker 0]: Shutting down (kafka.server.ReplicaManager)
[2017-07-07 16:05:29,669] INFO [ReplicaFetcherManager on broker 0] shutting down (kafka.server.ReplicaFetcherManager)
[2017-07-07 16:05:29,670] INFO [ReplicaFetcherManager on broker 0] shutdown completed (kafka.server.ReplicaFetcherManager)
[2017-07-07 16:05:29,670] INFO [ExpirationReaper-0], Shutting down (kafka.server.DelayedOperationPurgatory$ExpiredOperationReaper)
[2017-07-07 16:05:29,702] INFO [ExpirationReaper-0], Stopped  (kafka.server.DelayedOperationPurgatory$ExpiredOperationReaper)
[2017-07-07 16:05:29,702] INFO [ExpirationReaper-0], Shutdown completed (kafka.server.DelayedOperationPurgatory$ExpiredOperationReaper)
[2017-07-07 16:05:29,702] INFO [ExpirationReaper-0], Shutting down (kafka.server.DelayedOperationPurgatory$ExpiredOperationReaper)
[2017-07-07 16:05:29,894] INFO [ExpirationReaper-0], Stopped  (kafka.server.DelayedOperationPurgatory$ExpiredOperationReaper)
[2017-07-07 16:05:29,894] INFO [ExpirationReaper-0], Shutdown completed (kafka.server.DelayedOperationPurgatory$ExpiredOperationReaper)
[2017-07-07 16:05:29,897] INFO [Replica Manager on Broker 0]: Shut down completely (kafka.server.ReplicaManager)
[2017-07-07 16:05:29,898] INFO Shutting down. (kafka.log.LogManager)
[2017-07-07 16:05:29,973] INFO Shutdown complete. (kafka.log.LogManager)
[2017-07-07 16:05:29,974] INFO [GroupCoordinator 0]: Shutting down. (kafka.coordinator.GroupCoordinator)
[2017-07-07 16:05:29,974] INFO [ExpirationReaper-0], Shutting down (kafka.server.DelayedOperationPurgatory$ExpiredOperationReaper)
[2017-07-07 16:05:30,034] INFO [ExpirationReaper-0], Stopped  (kafka.server.DelayedOperationPurgatory$ExpiredOperationReaper)
[2017-07-07 16:05:30,034] INFO [ExpirationReaper-0], Shutdown completed (kafka.server.DelayedOperationPurgatory$ExpiredOperationReaper)
[2017-07-07 16:05:30,035] INFO [ExpirationReaper-0], Shutting down (kafka.server.DelayedOperationPurgatory$ExpiredOperationReaper)
[2017-07-07 16:05:30,119] INFO [ExpirationReaper-0], Stopped  (kafka.server.DelayedOperationPurgatory$ExpiredOperationReaper)
[2017-07-07 16:05:30,119] INFO [ExpirationReaper-0], Shutdown completed (kafka.server.DelayedOperationPurgatory$ExpiredOperationReaper)
[2017-07-07 16:05:30,120] INFO [GroupCoordinator 0]: Shutdown complete. (kafka.coordinator.GroupCoordinator)
[2017-07-07 16:05:30,130] INFO Terminate ZkClient event thread. (org.I0Itec.zkclient.ZkEventThread)
[2017-07-07 16:05:30,216] INFO [Kafka Server 0], shut down completed (kafka.server.KafkaServer)
